<?xml version="1.0" encoding="UTF-8"?>
<testng-results ignored="0" total="1" passed="1" failed="0" skipped="0">
  <reporter-output>
    <line>
      <![CDATA[Setting up reports and Test is getting ready]]>
    </line>
    <line>
      <![CDATA[Setting Done - Test an be started]]>
    </line>
    <line>
      <![CDATA[Trying to start browser and gettong application ready]]>
    </line>
    <line>
      <![CDATA[Browser and Application is up and running]]>
    </line>
    <line>
      <![CDATA[From Reporter.log >>> Testcase1 - LoginApp]]>
    </line>
    <line>
      <![CDATA[Test is about to end]]>
    </line>
    <line>
      <![CDATA[Test Completed >>> Reports generated]]>
    </line>
  </reporter-output>
  <suite started-at="2021-06-30T13:15:06Z" name="Default suite" finished-at="2021-06-30T13:15:22Z" duration-ms="15772">
    <groups>
    </groups>
    <test started-at="2021-06-30T13:15:06Z" name="Default test" finished-at="2021-06-30T13:15:22Z" duration-ms="15772">
      <class name="com.learnautomation.testcases.LoginTestCRM">
        <test-method is-config="true" signature="setUpSuite()[pri:0, instance:com.learnautomation.testcases.LoginTestCRM@2b546384]" started-at="2021-06-30T18:45:05Z" name="setUpSuite" finished-at="2021-06-30T18:45:06Z" duration-ms="829" status="PASS">
          <reporter-output>
            <line>
              <![CDATA[Setting up reports and Test is getting ready]]>
            </line>
            <line>
              <![CDATA[Setting Done - Test an be started]]>
            </line>
          </reporter-output>
        </test-method> <!-- setUpSuite -->
        <test-method is-config="true" signature="setup()[pri:0, instance:com.learnautomation.testcases.LoginTestCRM@2b546384]" started-at="2021-06-30T18:45:06Z" name="setup" finished-at="2021-06-30T18:45:12Z" duration-ms="6179" status="PASS">
          <reporter-output>
            <line>
              <![CDATA[Trying to start browser and gettong application ready]]>
            </line>
            <line>
              <![CDATA[Browser and Application is up and running]]>
            </line>
          </reporter-output>
        </test-method> <!-- setup -->
        <test-method signature="loginApp()[pri:1, instance:com.learnautomation.testcases.LoginTestCRM@2b546384]" started-at="2021-06-30T18:45:12Z" name="loginApp" finished-at="2021-06-30T18:45:20Z" duration-ms="8047" status="PASS">
          <reporter-output>
            <line>
              <![CDATA[From Reporter.log >>> Testcase1 - LoginApp]]>
            </line>
          </reporter-output>
        </test-method> <!-- loginApp -->
        <test-method is-config="true" signature="tearDownMethod(org.testng.ITestResult)[pri:0, instance:com.learnautomation.testcases.LoginTestCRM@2b546384]" started-at="2021-06-30T18:45:20Z" name="tearDownMethod" finished-at="2021-06-30T18:45:21Z" duration-ms="812" status="PASS">
          <params>
            <param index="0">
              <value>
                <![CDATA[[TestResult name=loginApp status=SUCCESS method=LoginTestCRM.loginApp()[pri:1, instance:com.learnautomation.testcases.LoginTestCRM@2b546384] output=From Reporter.log >>> Testcase1 - LoginApp]]]>
              </value>
            </param>
          </params>
          <reporter-output>
            <line>
              <![CDATA[Test is about to end]]>
            </line>
            <line>
              <![CDATA[Test Completed >>> Reports generated]]>
            </line>
          </reporter-output>
        </test-method> <!-- tearDownMethod -->
        <test-method is-config="true" signature="tearDown()[pri:0, instance:com.learnautomation.testcases.LoginTestCRM@2b546384]" started-at="2021-06-30T18:45:21Z" name="tearDown" finished-at="2021-06-30T18:45:22Z" duration-ms="708" status="PASS">
          <reporter-output>
          </reporter-output>
        </test-method> <!-- tearDown -->
      </class> <!-- com.learnautomation.testcases.LoginTestCRM -->
    </test> <!-- Default test -->
  </suite> <!-- Default suite -->
</testng-results>
