<?xml version="1.0" encoding="UTF-8"?>
<!-- Generated by org.testng.reporters.JUnitXMLReporter -->
<testsuite ignored="0" hostname="PC" failures="1" tests="1" name="Test" time="9.452" errors="0" timestamp="29 Jun 2021 18:36:17 GMT">
  <testcase classname="com.learnautomation.testcases.LoginTestCRM" name="loginApp" time="0.706">
    <failure type="java.lang.AssertionError" message="&amp;gt;&amp;gt;&amp;gt; Didn&amp;apos;t match expected [#1 Free CRM customer relationship management software cloud1] but found [#1 Free CRM customer relationship management software cloud]">
      <![CDATA[java.lang.AssertionError: >>> Didn't match expected [#1 Free CRM customer relationship management software cloud1] but found [#1 Free CRM customer relationship management software cloud]
	at com.learnautomation.testcases.LoginTestCRM.loginApp(LoginTestCRM.java:28)
... Removed 30 stack frames]]>
    </failure>
  </testcase> <!-- loginApp -->
</testsuite> <!-- Test -->
